<?xml version="1.0" encoding="UTF-8"?>
<!-- Generated by org.testng.reporters.JUnitReportReporter -->
<testsuite hostname="DESKTOP-BFT70QO" failures="0" tests="1" name="Com.OrangeHRM.TestCases.HomepageTest" time="40.008" errors="0" timestamp="2022-10-18T18:32:29 IST" skipped="0">
  <testcase classname="Com.OrangeHRM.TestCases.HomepageTest" name="EmployeeName" time="40.008"/>
  <system-out/>
</testsuite> <!-- Com.OrangeHRM.TestCases.HomepageTest -->
