<?xml version="1.0" encoding="UTF-8"?>
<!-- Generated by org.testng.reporters.JUnitReportReporter -->
<testsuite hostname="Ranjeet-MacBook-Pro.local" failures="0" tests="1" name="Demo.Test1" time="0.017" errors="0" timestamp="2022-10-09T19:18:54 IST" skipped="0">
  <testcase classname="Demo.Test1" name="Demo2" time="0.017"/>
  <system-out/>
</testsuite> <!-- Demo.Test1 -->
